<?xml version="1.0" encoding="UTF-8"?>
<testsuite name="controllers.MainTest$PersistenceTests" tests="4" skipped="0" failures="0" errors="0" timestamp="2023-12-02T13:59:52" hostname="LAPTOP-BKGB23SF" time="0.755">
  <properties/>
  <testcase name="saving and loading an empty games collection in JSON doesn't crash app()" classname="controllers.MainTest$PersistenceTests" time="0.616"/>
  <testcase name="saving and loading an empty players collection in JSON doesn't crash app()" classname="controllers.MainTest$PersistenceTests" time="0.01"/>
  <testcase name="saving and loading an loaded gamescollection in JSON doesn't loose data()" classname="controllers.MainTest$PersistenceTests" time="0.088"/>
  <testcase name="saving and loading an loaded player collection in JSON doesn't loose data()" classname="controllers.MainTest$PersistenceTests" time="0.024"/>
  <system-out><![CDATA[]]></system-out>
  <system-err><![CDATA[]]></system-err>
</testsuite>
